This is pdfTeX, Version 3.14159265-2.6-1.40.19 (TeX Live 2018) (preloaded format=pdflatex 2019.1.28)  23 JAN 2023 20:42
entering extended mode
 restricted \write18 enabled.
 %&-line parsing enabled.
**ARC_Presentation_FCC_Workshop_Krakow_25th_January_2023.tex
(./ARC_Presentation_FCC_Workshop_Krakow_25th_January_2023.tex
LaTeX2e <2018-12-01>
(/network/software/el7/texlive/2018/texmf-dist/tex/latex/beamer/beamer.cls
Document Class: beamer 2018/12/02 v3.55 A class for typesetting presentations

(/network/software/el7/texlive/2018/texmf-dist/tex/latex/beamer/beamerbasemodes
.sty
(/network/software/el7/texlive/2018/texmf-dist/tex/latex/etoolbox/etoolbox.sty
Package: etoolbox 2018/08/19 v2.5f e-TeX tools for LaTeX (JAW)
\etb@tempcnta=\count80
)
\beamer@tempbox=\box27
\beamer@tempcount=\count81
\c@beamerpauses=\count82

(/network/software/el7/texlive/2018/texmf-dist/tex/latex/beamer/beamerbasedecod
e.sty
\beamer@slideinframe=\count83
\beamer@minimum=\count84
)
\beamer@commentbox=\box28
\beamer@modecount=\count85
)
(/network/software/el7/texlive/2018/texmf-dist/tex/generic/oberdiek/ifpdf.sty
Package: ifpdf 2018/09/07 v3.3 Provides the ifpdf switch
)
\headdp=\dimen102
\footheight=\dimen103
\sidebarheight=\dimen104
\beamer@tempdim=\dimen105
\beamer@finalheight=\dimen106
\beamer@animht=\dimen107
\beamer@animdp=\dimen108
\beamer@animwd=\dimen109
\beamer@leftmargin=\dimen110
\beamer@rightmargin=\dimen111
\beamer@leftsidebar=\dimen112
\beamer@rightsidebar=\dimen113
\beamer@boxsize=\dimen114
\beamer@vboxoffset=\dimen115
\beamer@descdefault=\dimen116
\beamer@descriptionwidth=\dimen117
\beamer@lastskip=\skip41
\beamer@areabox=\box29
\beamer@animcurrent=\box30
\beamer@animshowbox=\box31
\beamer@sectionbox=\box32
\beamer@logobox=\box33
\beamer@linebox=\box34
\beamer@sectioncount=\count86
\beamer@subsubsectionmax=\count87
\beamer@subsectionmax=\count88
\beamer@sectionmax=\count89
\beamer@totalheads=\count90
\beamer@headcounter=\count91
\beamer@partstartpage=\count92
\beamer@sectionstartpage=\count93
\beamer@subsectionstartpage=\count94
\beamer@animationtempa=\count95
\beamer@animationtempb=\count96
\beamer@xpos=\count97
\beamer@ypos=\count98
\beamer@ypos@offset=\count99
\beamer@showpartnumber=\count100
\beamer@currentsubsection=\count101
\beamer@coveringdepth=\count102
\beamer@sectionadjust=\count103
\beamer@tocsectionnumber=\count104

(/network/software/el7/texlive/2018/texmf-dist/tex/latex/beamer/beamerbaseoptio
ns.sty
(/network/software/el7/texlive/2018/texmf-dist/tex/latex/graphics/keyval.sty
Package: keyval 2014/10/28 v1.15 key=value parser (DPC)
\KV@toks@=\toks14
))
\beamer@paperwidth=\skip42
\beamer@paperheight=\skip43

(/network/software/el7/texlive/2018/texmf-dist/tex/latex/geometry/geometry.sty
Package: geometry 2018/04/16 v5.8 Page Geometry

(/network/software/el7/texlive/2018/texmf-dist/tex/generic/oberdiek/ifvtex.sty
Package: ifvtex 2016/05/16 v1.6 Detect VTeX and its facilities (HO)
Package ifvtex Info: VTeX not detected.
) (/network/software/el7/texlive/2018/texmf-dist/tex/generic/ifxetex/ifxetex.st
y
Package: ifxetex 2010/09/12 v0.6 Provides ifxetex conditional
)
\Gm@cnth=\count105
\Gm@cntv=\count106
\c@Gm@tempcnt=\count107
\Gm@bindingoffset=\dimen118
\Gm@wd@mp=\dimen119
\Gm@odd@mp=\dimen120
\Gm@even@mp=\dimen121
\Gm@layoutwidth=\dimen122
\Gm@layoutheight=\dimen123
\Gm@layouthoffset=\dimen124
\Gm@layoutvoffset=\dimen125
\Gm@dimlist=\toks15
) (/network/software/el7/texlive/2018/texmf-dist/tex/latex/base/size11.clo
File: size11.clo 2018/09/03 v1.4i Standard LaTeX file (size option)
)
(/network/software/el7/texlive/2018/texmf-dist/tex/latex/pgf/basiclayer/pgfcore
.sty
(/network/software/el7/texlive/2018/texmf-dist/tex/latex/graphics/graphicx.sty
Package: graphicx 2017/06/01 v1.1a Enhanced LaTeX Graphics (DPC,SPQR)

(/network/software/el7/texlive/2018/texmf-dist/tex/latex/graphics/graphics.sty
Package: graphics 2017/06/25 v1.2c Standard LaTeX Graphics (DPC,SPQR)

(/network/software/el7/texlive/2018/texmf-dist/tex/latex/graphics/trig.sty
Package: trig 2016/01/03 v1.10 sin cos tan (DPC)
)
(/network/software/el7/texlive/2018/texmf-dist/tex/latex/graphics-cfg/graphics.
cfg
File: graphics.cfg 2016/06/04 v1.11 sample graphics configuration
)
Package graphics Info: Driver file: pdftex.def on input line 99.

(/network/software/el7/texlive/2018/texmf-dist/tex/latex/graphics-def/pdftex.de
f
File: pdftex.def 2018/01/08 v1.0l Graphics/color driver for pdftex
))
\Gin@req@height=\dimen126
\Gin@req@width=\dimen127
)
(/network/software/el7/texlive/2018/texmf-dist/tex/latex/pgf/systemlayer/pgfsys
.sty
(/network/software/el7/texlive/2018/texmf-dist/tex/latex/pgf/utilities/pgfrcs.s
ty
(/network/software/el7/texlive/2018/texmf-dist/tex/generic/pgf/utilities/pgfuti
l-common.tex
\pgfutil@everybye=\toks16
\pgfutil@tempdima=\dimen128
\pgfutil@tempdimb=\dimen129

(/network/software/el7/texlive/2018/texmf-dist/tex/generic/pgf/utilities/pgfuti
l-common-lists.tex))
(/network/software/el7/texlive/2018/texmf-dist/tex/generic/pgf/utilities/pgfuti
l-latex.def
\pgfutil@abb=\box35

(/network/software/el7/texlive/2018/texmf-dist/tex/latex/ms/everyshi.sty
Package: everyshi 2001/05/15 v3.00 EveryShipout Package (MS)
))
(/network/software/el7/texlive/2018/texmf-dist/tex/generic/pgf/utilities/pgfrcs
.code.tex
(/network/software/el7/texlive/2018/texmf-dist/tex/generic/pgf/pgf.revision.tex
)
Package: pgfrcs 2019/01/05 v3.1 (3.1)
))
(/network/software/el7/texlive/2018/texmf-dist/tex/generic/pgf/systemlayer/pgfs
ys.code.tex
Package: pgfsys 2019/01/05 v3.1 (3.1)

(/network/software/el7/texlive/2018/texmf-dist/tex/generic/pgf/utilities/pgfkey
s.code.tex
\pgfkeys@pathtoks=\toks17
\pgfkeys@temptoks=\toks18

(/network/software/el7/texlive/2018/texmf-dist/tex/generic/pgf/utilities/pgfkey
sfiltered.code.tex
\pgfkeys@tmptoks=\toks19
))
\pgf@x=\dimen130
\pgf@y=\dimen131
\pgf@xa=\dimen132
\pgf@ya=\dimen133
\pgf@xb=\dimen134
\pgf@yb=\dimen135
\pgf@xc=\dimen136
\pgf@yc=\dimen137
\w@pgf@writea=\write3
\r@pgf@reada=\read1
\c@pgf@counta=\count108
\c@pgf@countb=\count109
\c@pgf@countc=\count110
\c@pgf@countd=\count111
\t@pgf@toka=\toks20
\t@pgf@tokb=\toks21
\t@pgf@tokc=\toks22
\pgf@sys@id@count=\count112

(/network/software/el7/texlive/2018/texmf-dist/tex/generic/pgf/systemlayer/pgf.
cfg
File: pgf.cfg 2019/01/05 v3.1 (3.1)
)
Driver file for pgf: pgfsys-pdftex.def

(/network/software/el7/texlive/2018/texmf-dist/tex/generic/pgf/systemlayer/pgfs
ys-pdftex.def
File: pgfsys-pdftex.def 2019/01/05 v3.1 (3.1)

(/network/software/el7/texlive/2018/texmf-dist/tex/generic/pgf/systemlayer/pgfs
ys-common-pdf.def
File: pgfsys-common-pdf.def 2019/01/05 v3.1 (3.1)
)))
(/network/software/el7/texlive/2018/texmf-dist/tex/generic/pgf/systemlayer/pgfs
yssoftpath.code.tex
File: pgfsyssoftpath.code.tex 2019/01/05 v3.1 (3.1)
\pgfsyssoftpath@smallbuffer@items=\count113
\pgfsyssoftpath@bigbuffer@items=\count114
)
(/network/software/el7/texlive/2018/texmf-dist/tex/generic/pgf/systemlayer/pgfs
ysprotocol.code.tex
File: pgfsysprotocol.code.tex 2019/01/05 v3.1 (3.1)
))
(/network/software/el7/texlive/2018/texmf-dist/tex/latex/xcolor/xcolor.sty
Package: xcolor 2016/05/11 v2.12 LaTeX color extensions (UK)

(/network/software/el7/texlive/2018/texmf-dist/tex/latex/graphics-cfg/color.cfg
File: color.cfg 2016/01/02 v1.6 sample color configuration
)
Package xcolor Info: Driver file: pdftex.def on input line 225.
Package xcolor Info: Model `cmy' substituted by `cmy0' on input line 1348.
Package xcolor Info: Model `hsb' substituted by `rgb' on input line 1352.
Package xcolor Info: Model `RGB' extended on input line 1364.
Package xcolor Info: Model `HTML' substituted by `rgb' on input line 1366.
Package xcolor Info: Model `Hsb' substituted by `hsb' on input line 1367.
Package xcolor Info: Model `tHsb' substituted by `hsb' on input line 1368.
Package xcolor Info: Model `HSB' substituted by `hsb' on input line 1369.
Package xcolor Info: Model `Gray' substituted by `gray' on input line 1370.
Package xcolor Info: Model `wave' substituted by `hsb' on input line 1371.
)
(/network/software/el7/texlive/2018/texmf-dist/tex/generic/pgf/basiclayer/pgfco
re.code.tex
Package: pgfcore 2019/01/05 v3.1 (3.1)

(/network/software/el7/texlive/2018/texmf-dist/tex/generic/pgf/math/pgfmath.cod
e.tex
(/network/software/el7/texlive/2018/texmf-dist/tex/generic/pgf/math/pgfmathcalc
.code.tex
(/network/software/el7/texlive/2018/texmf-dist/tex/generic/pgf/math/pgfmathutil
.code.tex)
(/network/software/el7/texlive/2018/texmf-dist/tex/generic/pgf/math/pgfmathpars
er.code.tex
\pgfmath@dimen=\dimen138
\pgfmath@count=\count115
\pgfmath@box=\box36
\pgfmath@toks=\toks23
\pgfmath@stack@operand=\toks24
\pgfmath@stack@operation=\toks25
)
(/network/software/el7/texlive/2018/texmf-dist/tex/generic/pgf/math/pgfmathfunc
tions.code.tex
(/network/software/el7/texlive/2018/texmf-dist/tex/generic/pgf/math/pgfmathfunc
tions.basic.code.tex)
(/network/software/el7/texlive/2018/texmf-dist/tex/generic/pgf/math/pgfmathfunc
tions.trigonometric.code.tex)
(/network/software/el7/texlive/2018/texmf-dist/tex/generic/pgf/math/pgfmathfunc
tions.random.code.tex)
(/network/software/el7/texlive/2018/texmf-dist/tex/generic/pgf/math/pgfmathfunc
tions.comparison.code.tex)
(/network/software/el7/texlive/2018/texmf-dist/tex/generic/pgf/math/pgfmathfunc
tions.base.code.tex)
(/network/software/el7/texlive/2018/texmf-dist/tex/generic/pgf/math/pgfmathfunc
tions.round.code.tex)
(/network/software/el7/texlive/2018/texmf-dist/tex/generic/pgf/math/pgfmathfunc
tions.misc.code.tex)
(/network/software/el7/texlive/2018/texmf-dist/tex/generic/pgf/math/pgfmathfunc
tions.integerarithmetics.code.tex)))
(/network/software/el7/texlive/2018/texmf-dist/tex/generic/pgf/math/pgfmathfloa
t.code.tex
\c@pgfmathroundto@lastzeros=\count116
))
(/network/software/el7/texlive/2018/texmf-dist/tex/generic/pgf/basiclayer/pgfco
repoints.code.tex
File: pgfcorepoints.code.tex 2019/01/05 v3.1 (3.1)
\pgf@picminx=\dimen139
\pgf@picmaxx=\dimen140
\pgf@picminy=\dimen141
\pgf@picmaxy=\dimen142
\pgf@pathminx=\dimen143
\pgf@pathmaxx=\dimen144
\pgf@pathminy=\dimen145
\pgf@pathmaxy=\dimen146
\pgf@xx=\dimen147
\pgf@xy=\dimen148
\pgf@yx=\dimen149
\pgf@yy=\dimen150
\pgf@zx=\dimen151
\pgf@zy=\dimen152
)
(/network/software/el7/texlive/2018/texmf-dist/tex/generic/pgf/basiclayer/pgfco
repathconstruct.code.tex
File: pgfcorepathconstruct.code.tex 2019/01/05 v3.1 (3.1)
\pgf@path@lastx=\dimen153
\pgf@path@lasty=\dimen154
)
(/network/software/el7/texlive/2018/texmf-dist/tex/generic/pgf/basiclayer/pgfco
repathusage.code.tex
File: pgfcorepathusage.code.tex 2019/01/05 v3.1 (3.1)
\pgf@shorten@end@additional=\dimen155
\pgf@shorten@start@additional=\dimen156
)
(/network/software/el7/texlive/2018/texmf-dist/tex/generic/pgf/basiclayer/pgfco
rescopes.code.tex
File: pgfcorescopes.code.tex 2019/01/05 v3.1 (3.1)
\pgfpic=\box37
\pgf@hbox=\box38
\pgf@layerbox@main=\box39
\pgf@picture@serial@count=\count117
)
(/network/software/el7/texlive/2018/texmf-dist/tex/generic/pgf/basiclayer/pgfco
regraphicstate.code.tex
File: pgfcoregraphicstate.code.tex 2019/01/05 v3.1 (3.1)
\pgflinewidth=\dimen157
)
(/network/software/el7/texlive/2018/texmf-dist/tex/generic/pgf/basiclayer/pgfco
retransformations.code.tex
File: pgfcoretransformations.code.tex 2019/01/05 v3.1 (3.1)
\pgf@pt@x=\dimen158
\pgf@pt@y=\dimen159
\pgf@pt@temp=\dimen160
)
(/network/software/el7/texlive/2018/texmf-dist/tex/generic/pgf/basiclayer/pgfco
requick.code.tex
File: pgfcorequick.code.tex 2019/01/05 v3.1 (3.1)
)
(/network/software/el7/texlive/2018/texmf-dist/tex/generic/pgf/basiclayer/pgfco
reobjects.code.tex
File: pgfcoreobjects.code.tex 2019/01/05 v3.1 (3.1)
)
(/network/software/el7/texlive/2018/texmf-dist/tex/generic/pgf/basiclayer/pgfco
repathprocessing.code.tex
File: pgfcorepathprocessing.code.tex 2019/01/05 v3.1 (3.1)
)
(/network/software/el7/texlive/2018/texmf-dist/tex/generic/pgf/basiclayer/pgfco
rearrows.code.tex
File: pgfcorearrows.code.tex 2019/01/05 v3.1 (3.1)
\pgfarrowsep=\dimen161
)
(/network/software/el7/texlive/2018/texmf-dist/tex/generic/pgf/basiclayer/pgfco
reshade.code.tex
File: pgfcoreshade.code.tex 2019/01/05 v3.1 (3.1)
\pgf@max=\dimen162
\pgf@sys@shading@range@num=\count118
)
(/network/software/el7/texlive/2018/texmf-dist/tex/generic/pgf/basiclayer/pgfco
reimage.code.tex
File: pgfcoreimage.code.tex 2019/01/05 v3.1 (3.1)

(/network/software/el7/texlive/2018/texmf-dist/tex/generic/pgf/basiclayer/pgfco
reexternal.code.tex
File: pgfcoreexternal.code.tex 2019/01/05 v3.1 (3.1)
\pgfexternal@startupbox=\box40
))
(/network/software/el7/texlive/2018/texmf-dist/tex/generic/pgf/basiclayer/pgfco
relayers.code.tex
File: pgfcorelayers.code.tex 2019/01/05 v3.1 (3.1)
)
(/network/software/el7/texlive/2018/texmf-dist/tex/generic/pgf/basiclayer/pgfco
retransparency.code.tex
File: pgfcoretransparency.code.tex 2019/01/05 v3.1 (3.1)
)
(/network/software/el7/texlive/2018/texmf-dist/tex/generic/pgf/basiclayer/pgfco
repatterns.code.tex
File: pgfcorepatterns.code.tex 2019/01/05 v3.1 (3.1)
)
(/network/software/el7/texlive/2018/texmf-dist/tex/generic/pgf/basiclayer/pgfco
rerdf.code.tex
File: pgfcorerdf.code.tex 2019/01/05 v3.1 (3.1)
)))
(/network/software/el7/texlive/2018/texmf-dist/tex/latex/pgf/utilities/xxcolor.
sty
Package: xxcolor 2003/10/24 ver 0.1
\XC@nummixins=\count119
\XC@countmixins=\count120
)
(/network/software/el7/texlive/2018/texmf-dist/tex/generic/oberdiek/atbegshi.st
y
Package: atbegshi 2016/06/09 v1.18 At begin shipout hook (HO)

(/network/software/el7/texlive/2018/texmf-dist/tex/generic/oberdiek/infwarerr.s
ty
Package: infwarerr 2016/05/16 v1.4 Providing info/warning/error messages (HO)
)
(/network/software/el7/texlive/2018/texmf-dist/tex/generic/oberdiek/ltxcmds.sty
Package: ltxcmds 2016/05/16 v1.23 LaTeX kernel commands for general use (HO)
))
(/network/software/el7/texlive/2018/texmf-dist/tex/latex/hyperref/hyperref.sty
Package: hyperref 2018/11/30 v6.88e Hypertext links for LaTeX

(/network/software/el7/texlive/2018/texmf-dist/tex/generic/oberdiek/hobsub-hype
rref.sty
Package: hobsub-hyperref 2016/05/16 v1.14 Bundle oberdiek, subset hyperref (HO)


(/network/software/el7/texlive/2018/texmf-dist/tex/generic/oberdiek/hobsub-gene
ric.sty
Package: hobsub-generic 2016/05/16 v1.14 Bundle oberdiek, subset generic (HO)
Package: hobsub 2016/05/16 v1.14 Construct package bundles (HO)
Package hobsub Info: Skipping package `infwarerr' (already loaded).
Package hobsub Info: Skipping package `ltxcmds' (already loaded).
Package: ifluatex 2016/05/16 v1.4 Provides the ifluatex switch (HO)
Package ifluatex Info: LuaTeX not detected.
Package hobsub Info: Skipping package `ifvtex' (already loaded).
Package: intcalc 2016/05/16 v1.2 Expandable calculations with integers (HO)
Package hobsub Info: Skipping package `ifpdf' (already loaded).
Package: etexcmds 2016/05/16 v1.6 Avoid name clashes with e-TeX commands (HO)
Package etexcmds Info: Could not find \expanded.
(etexcmds)             That can mean that you are not using pdfTeX 1.50 or
(etexcmds)             that some package has redefined \expanded.
(etexcmds)             In the latter case, load this package earlier.
Package: kvsetkeys 2016/05/16 v1.17 Key value parser (HO)
Package: kvdefinekeys 2016/05/16 v1.4 Define keys (HO)
Package: pdftexcmds 2018/09/10 v0.29 Utility functions of pdfTeX for LuaTeX (HO
)
Package pdftexcmds Info: LuaTeX not detected.
Package pdftexcmds Info: \pdf@primitive is available.
Package pdftexcmds Info: \pdf@ifprimitive is available.
Package pdftexcmds Info: \pdfdraftmode found.
Package: pdfescape 2016/05/16 v1.14 Implements pdfTeX's escape features (HO)
Package: bigintcalc 2016/05/16 v1.4 Expandable calculations on big integers (HO
)
Package: bitset 2016/05/16 v1.2 Handle bit-vector datatype (HO)
Package: uniquecounter 2016/05/16 v1.3 Provide unlimited unique counter (HO)
)
Package hobsub Info: Skipping package `hobsub' (already loaded).
Package: letltxmacro 2016/05/16 v1.5 Let assignment for LaTeX macros (HO)
Package: hopatch 2016/05/16 v1.3 Wrapper for package hooks (HO)
Package: xcolor-patch 2016/05/16 xcolor patch
Package: atveryend 2016/05/16 v1.9 Hooks at the very end of document (HO)
Package hobsub Info: Skipping package `atbegshi' (already loaded).
Package: refcount 2016/05/16 v3.5 Data extraction from label references (HO)
Package: hycolor 2016/05/16 v1.8 Color options for hyperref/bookmark (HO)
)
(/network/software/el7/texlive/2018/texmf-dist/tex/latex/oberdiek/auxhook.sty
Package: auxhook 2016/05/16 v1.4 Hooks for auxiliary files (HO)
)
(/network/software/el7/texlive/2018/texmf-dist/tex/latex/oberdiek/kvoptions.sty
Package: kvoptions 2016/05/16 v3.12 Key value format for package options (HO)
)
\@linkdim=\dimen163
\Hy@linkcounter=\count121
\Hy@pagecounter=\count122
 (/network/software/el7/texlive/2018/texmf-dist/tex/latex/hyperref/pd1enc.def
File: pd1enc.def 2018/11/30 v6.88e Hyperref: PDFDocEncoding definition (HO)
Now handling font encoding PD1 ...
... no UTF-8 mapping file for font encoding PD1
)
\Hy@SavedSpaceFactor=\count123

(/network/software/el7/texlive/2018/texmf-dist/tex/latex/latexconfig/hyperref.c
fg
File: hyperref.cfg 2002/06/06 v1.2 hyperref configuration of TeXLive
)
Package hyperref Info: Option `bookmarks' set `true' on input line 4393.
Package hyperref Info: Option `bookmarksopen' set `true' on input line 4393.
Package hyperref Info: Option `implicit' set `false' on input line 4393.
Package hyperref Info: Hyper figures OFF on input line 4519.
Package hyperref Info: Link nesting OFF on input line 4524.
Package hyperref Info: Hyper index ON on input line 4527.
Package hyperref Info: Plain pages OFF on input line 4534.
Package hyperref Info: Backreferencing OFF on input line 4539.
Package hyperref Info: Implicit mode OFF; no redefinition of LaTeX internals.
Package hyperref Info: Bookmarks ON on input line 4772.
\c@Hy@tempcnt=\count124
 (/network/software/el7/texlive/2018/texmf-dist/tex/latex/url/url.sty
\Urlmuskip=\muskip10
Package: url 2013/09/16  ver 3.4  Verb mode for urls, etc.
)
LaTeX Info: Redefining \url on input line 5125.
\XeTeXLinkMargin=\dimen164
\Fld@menulength=\count125
\Field@Width=\dimen165
\Fld@charsize=\dimen166
Package hyperref Info: Hyper figures OFF on input line 6380.
Package hyperref Info: Link nesting OFF on input line 6385.
Package hyperref Info: Hyper index ON on input line 6388.
Package hyperref Info: backreferencing OFF on input line 6395.
Package hyperref Info: Link coloring OFF on input line 6400.
Package hyperref Info: Link coloring with OCG OFF on input line 6405.
Package hyperref Info: PDF/A mode OFF on input line 6410.
LaTeX Info: Redefining \ref on input line 6450.
LaTeX Info: Redefining \pageref on input line 6454.
\Hy@abspage=\count126


Package hyperref Message: Stopped early.

)
Package hyperref Info: Driver (autodetected): hpdftex.
 (/network/software/el7/texlive/2018/texmf-dist/tex/latex/hyperref/hpdftex.def
File: hpdftex.def 2018/11/30 v6.88e Hyperref driver for pdfTeX
\Fld@listcount=\count127
\c@bookmark@seq@number=\count128

(/network/software/el7/texlive/2018/texmf-dist/tex/latex/oberdiek/rerunfilechec
k.sty
Package: rerunfilecheck 2016/05/16 v1.8 Rerun checks for auxiliary files (HO)
Package uniquecounter Info: New unique counter `rerunfilecheck' on input line 2
82.
))
(/network/software/el7/texlive/2018/texmf-dist/tex/latex/beamer/beamerbaserequi
res.sty
(/network/software/el7/texlive/2018/texmf-dist/tex/latex/beamer/beamerbasecompa
tibility.sty)
(/network/software/el7/texlive/2018/texmf-dist/tex/latex/beamer/beamerbasefont.
sty
(/network/software/el7/texlive/2018/texmf-dist/tex/latex/amsfonts/amssymb.sty
Package: amssymb 2013/01/14 v3.01 AMS font symbols

(/network/software/el7/texlive/2018/texmf-dist/tex/latex/amsfonts/amsfonts.sty
Package: amsfonts 2013/01/14 v3.01 Basic AMSFonts support
\@emptytoks=\toks26
\symAMSa=\mathgroup4
\symAMSb=\mathgroup5
LaTeX Font Info:    Overwriting math alphabet `\mathfrak' in version `bold'
(Font)                  U/euf/m/n --> U/euf/b/n on input line 106.
))
(/network/software/el7/texlive/2018/texmf-dist/tex/latex/sansmathaccent/sansmat
haccent.sty
Package: sansmathaccent 2013/03/28

(/network/software/el7/texlive/2018/texmf-dist/tex/latex/filehook/filehook.sty
Package: filehook 2011/10/12 v0.5d Hooks for input files
)))
(/network/software/el7/texlive/2018/texmf-dist/tex/latex/beamer/beamerbasetrans
lator.sty
(/network/software/el7/texlive/2018/texmf-dist/tex/latex/translator/translator.
sty
Package: translator 2018/01/04 v1.12 Easy translation of strings in LaTeX
))
(/network/software/el7/texlive/2018/texmf-dist/tex/latex/beamer/beamerbasemisc.
sty)
(/network/software/el7/texlive/2018/texmf-dist/tex/latex/beamer/beamerbasetwosc
reens.sty)
(/network/software/el7/texlive/2018/texmf-dist/tex/latex/beamer/beamerbaseoverl
ay.sty
\beamer@argscount=\count129
\beamer@lastskipcover=\skip44
\beamer@trivlistdepth=\count130
)
(/network/software/el7/texlive/2018/texmf-dist/tex/latex/beamer/beamerbasetitle
.sty)
(/network/software/el7/texlive/2018/texmf-dist/tex/latex/beamer/beamerbasesecti
on.sty
\c@lecture=\count131
\c@part=\count132
\c@section=\count133
\c@subsection=\count134
\c@subsubsection=\count135
)
(/network/software/el7/texlive/2018/texmf-dist/tex/latex/beamer/beamerbaseframe
.sty
\beamer@framebox=\box41
\beamer@frametitlebox=\box42
\beamer@zoombox=\box43
\beamer@zoomcount=\count136
\beamer@zoomframecount=\count137
\beamer@frametextheight=\dimen167
\c@subsectionslide=\count138
\beamer@frametopskip=\skip45
\beamer@framebottomskip=\skip46
\beamer@frametopskipautobreak=\skip47
\beamer@framebottomskipautobreak=\skip48
\beamer@envbody=\toks27
\framewidth=\dimen168
\c@framenumber=\count139
)
(/network/software/el7/texlive/2018/texmf-dist/tex/latex/beamer/beamerbaseverba
tim.sty
\beamer@verbatimfileout=\write4
)
(/network/software/el7/texlive/2018/texmf-dist/tex/latex/beamer/beamerbaseframe
size.sty
\beamer@splitbox=\box44
\beamer@autobreakcount=\count140
\beamer@autobreaklastheight=\dimen169
\beamer@frametitletoks=\toks28
\beamer@framesubtitletoks=\toks29
)
(/network/software/el7/texlive/2018/texmf-dist/tex/latex/beamer/beamerbaseframe
components.sty
\beamer@footins=\box45
)
(/network/software/el7/texlive/2018/texmf-dist/tex/latex/beamer/beamerbasecolor
.sty)
(/network/software/el7/texlive/2018/texmf-dist/tex/latex/beamer/beamerbasenotes
.sty
\beamer@frameboxcopy=\box46
)
(/network/software/el7/texlive/2018/texmf-dist/tex/latex/beamer/beamerbasetoc.s
ty)
(/network/software/el7/texlive/2018/texmf-dist/tex/latex/beamer/beamerbasetempl
ates.sty
\beamer@sbttoks=\toks30

(/network/software/el7/texlive/2018/texmf-dist/tex/latex/beamer/beamerbaseauxte
mplates.sty
(/network/software/el7/texlive/2018/texmf-dist/tex/latex/beamer/beamerbaseboxes
.sty
\bmb@box=\box47
\bmb@colorbox=\box48
\bmb@boxshadow=\box49
\bmb@boxshadowball=\box50
\bmb@boxshadowballlarge=\box51
\bmb@temp=\dimen170
\bmb@dima=\dimen171
\bmb@dimb=\dimen172
\bmb@prevheight=\dimen173
)
\beamer@blockheadheight=\dimen174
))
(/network/software/el7/texlive/2018/texmf-dist/tex/latex/beamer/beamerbaselocal
structure.sty
(/network/software/el7/texlive/2018/texmf-dist/tex/latex/tools/enumerate.sty
Package: enumerate 2015/07/23 v3.00 enumerate extensions (DPC)
\@enLab=\toks31
)
\c@figure=\count141
\c@table=\count142
\abovecaptionskip=\skip49
\belowcaptionskip=\skip50
)
(/network/software/el7/texlive/2018/texmf-dist/tex/latex/beamer/beamerbasenavig
ation.sty
\beamer@section@min@dim=\dimen175
)
(/network/software/el7/texlive/2018/texmf-dist/tex/latex/beamer/beamerbasetheor
ems.sty
(/network/software/el7/texlive/2018/texmf-dist/tex/latex/amsmath/amsmath.sty
Package: amsmath 2018/12/01 v2.17b AMS math features
\@mathmargin=\skip51

For additional information on amsmath, use the `?' option.
(/network/software/el7/texlive/2018/texmf-dist/tex/latex/amsmath/amstext.sty
Package: amstext 2000/06/29 v2.01 AMS text

(/network/software/el7/texlive/2018/texmf-dist/tex/latex/amsmath/amsgen.sty
File: amsgen.sty 1999/11/30 v2.0 generic functions
\@emptytoks=\toks32
\ex@=\dimen176
))
(/network/software/el7/texlive/2018/texmf-dist/tex/latex/amsmath/amsbsy.sty
Package: amsbsy 1999/11/29 v1.2d Bold Symbols
\pmbraise@=\dimen177
)
(/network/software/el7/texlive/2018/texmf-dist/tex/latex/amsmath/amsopn.sty
Package: amsopn 2016/03/08 v2.02 operator names
)
\inf@bad=\count143
LaTeX Info: Redefining \frac on input line 223.
\uproot@=\count144
\leftroot@=\count145
LaTeX Info: Redefining \overline on input line 385.
\classnum@=\count146
\DOTSCASE@=\count147
LaTeX Info: Redefining \ldots on input line 482.
LaTeX Info: Redefining \dots on input line 485.
LaTeX Info: Redefining \cdots on input line 606.
\Mathstrutbox@=\box52
\strutbox@=\box53
\big@size=\dimen178
LaTeX Font Info:    Redeclaring font encoding OML on input line 729.
LaTeX Font Info:    Redeclaring font encoding OMS on input line 730.
\macc@depth=\count148
\c@MaxMatrixCols=\count149
\dotsspace@=\muskip11
\c@parentequation=\count150
\dspbrk@lvl=\count151
\tag@help=\toks33
\row@=\count152
\column@=\count153
\maxfields@=\count154
\andhelp@=\toks34
\eqnshift@=\dimen179
\alignsep@=\dimen180
\tagshift@=\dimen181
\tagwidth@=\dimen182
\totwidth@=\dimen183
\lineht@=\dimen184
\@envbody=\toks35
\multlinegap=\skip52
\multlinetaggap=\skip53
\mathdisplay@stack=\toks36
LaTeX Info: Redefining \[ on input line 2844.
LaTeX Info: Redefining \] on input line 2845.
)
(/network/software/el7/texlive/2018/texmf-dist/tex/latex/amscls/amsthm.sty
Package: amsthm 2017/10/31 v2.20.4
\thm@style=\toks37
\thm@bodyfont=\toks38
\thm@headfont=\toks39
\thm@notefont=\toks40
\thm@headpunct=\toks41
\thm@preskip=\skip54
\thm@postskip=\skip55
\thm@headsep=\skip56
\dth@everypar=\toks42
)
\c@theorem=\count155
)
(/network/software/el7/texlive/2018/texmf-dist/tex/latex/beamer/beamerbasetheme
s.sty))
(/network/software/el7/texlive/2018/texmf-dist/tex/latex/beamer/beamerthemedefa
ult.sty
(/network/software/el7/texlive/2018/texmf-dist/tex/latex/beamer/beamerfonttheme
default.sty)
(/network/software/el7/texlive/2018/texmf-dist/tex/latex/beamer/beamercolorthem
edefault.sty)
(/network/software/el7/texlive/2018/texmf-dist/tex/latex/beamer/beamerinnerthem
edefault.sty
\beamer@dima=\dimen185
\beamer@dimb=\dimen186
)
(/network/software/el7/texlive/2018/texmf-dist/tex/latex/beamer/beamerouterthem
edefault.sty)))
(/network/software/el7/texlive/2018/texmf-dist/tex/latex/beamer/beamerthemeMadr
id.sty
(/network/software/el7/texlive/2018/texmf-dist/tex/latex/beamer/beamercolorthem
ewhale.sty)
(/network/software/el7/texlive/2018/texmf-dist/tex/latex/beamer/beamercolorthem
eorchid.sty)
(/network/software/el7/texlive/2018/texmf-dist/tex/latex/beamer/beamerinnerthem
erounded.sty)
(/network/software/el7/texlive/2018/texmf-dist/tex/latex/beamer/beamerouterthem
einfolines.sty))
(/network/software/el7/texlive/2018/texmf-dist/tex/generic/babel/babel.sty
Package: babel 2018/11/13 3.27 The Babel package

(/network/software/el7/texlive/2018/texmf-dist/tex/generic/babel/switch.def
File: switch.def 2018/11/13 3.27 Babel switching mechanism
)
(/network/software/el7/texlive/2018/texmf-dist/tex/generic/babel-english/englis
h.ldf
Language: english 2017/06/06 v3.3r English support from the babel system

(/network/software/el7/texlive/2018/texmf-dist/tex/generic/babel/babel.def
File: babel.def 2018/11/13 3.27 Babel common definitions
\babel@savecnt=\count156
\U@D=\dimen187

(/network/software/el7/texlive/2018/texmf-dist/tex/generic/babel/txtbabel.def)
LaTeX Info: Redefining \textlatin on input line 2003.
\bbl@dirlevel=\count157
)
\l@canadian = a dialect from \language\l@american 
\l@australian = a dialect from \language\l@british 
\l@newzealand = a dialect from \language\l@british 
)) (/network/software/el7/texlive/2018/texmf-dist/tex/latex/base/inputenc.sty
Package: inputenc 2018/08/11 v1.3c Input encoding file
\inpenc@prehook=\toks43
\inpenc@posthook=\toks44

(/network/software/el7/texlive/2018/texmf-dist/tex/latex/ucs/utf8x.def
File: utf8x.def 2004/10/17 UCS: Input encoding UTF-8
))
(/network/software/el7/texlive/2018/texmf-dist/tex/latex/ucs/ucs.sty
Package: ucs 2013/05/11 v2.2 UCS: Unicode input support

(/network/software/el7/texlive/2018/texmf-dist/tex/latex/ucs/data/uni-global.de
f
File: uni-global.def 2013/05/13 UCS: Unicode global data
)
\uc@secondtry=\count158
\uc@combtoks=\toks45
\uc@combtoksb=\toks46
\uc@temptokena=\toks47
)
Package hyperref Info: Option `colorlinks' set `true' on input line 29.

(/network/software/el7/texlive/2018/texmf-dist/tex/latex/siunitx/siunitx.sty
(/network/software/el7/texlive/2018/texmf-dist/tex/latex/l3kernel/expl3.sty
Package: expl3 2019-01-13 L3 programming layer (loader) 

(/network/software/el7/texlive/2018/texmf-dist/tex/latex/l3kernel/expl3-code.te
x
Package: expl3 2019-01-13 L3 programming layer (code)
\c_max_int=\count159
\l_tmpa_int=\count160
\l_tmpb_int=\count161
\g_tmpa_int=\count162
\g_tmpb_int=\count163
\g__kernel_prg_map_int=\count164
\c_log_iow=\count165
\l_iow_line_count_int=\count166
\l__iow_line_target_int=\count167
\l__iow_one_indent_int=\count168
\l__iow_indent_int=\count169
\c_zero_dim=\dimen188
\c_max_dim=\dimen189
\l_tmpa_dim=\dimen190
\l_tmpb_dim=\dimen191
\g_tmpa_dim=\dimen192
\g_tmpb_dim=\dimen193
\c_zero_skip=\skip57
\c_max_skip=\skip58
\l_tmpa_skip=\skip59
\l_tmpb_skip=\skip60
\g_tmpa_skip=\skip61
\g_tmpb_skip=\skip62
\c_zero_muskip=\muskip12
\c_max_muskip=\muskip13
\l_tmpa_muskip=\muskip14
\l_tmpb_muskip=\muskip15
\g_tmpa_muskip=\muskip16
\g_tmpb_muskip=\muskip17
\l_keys_choice_int=\count170
\l__intarray_loop_int=\count171
\c__intarray_sp_dim=\dimen194
\g__intarray_font_int=\count172
\c__fp_leading_shift_int=\count173
\c__fp_middle_shift_int=\count174
\c__fp_trailing_shift_int=\count175
\c__fp_big_leading_shift_int=\count176
\c__fp_big_middle_shift_int=\count177
\c__fp_big_trailing_shift_int=\count178
\c__fp_Bigg_leading_shift_int=\count179
\c__fp_Bigg_middle_shift_int=\count180
\c__fp_Bigg_trailing_shift_int=\count181
\c__kernel_randint_max_int=\count182
\g__fp_array_int=\count183
\l__fp_array_loop_int=\count184
\l__sort_length_int=\count185
\l__sort_min_int=\count186
\l__sort_top_int=\count187
\l__sort_max_int=\count188
\l__sort_true_max_int=\count189
\l__sort_block_int=\count190
\l__sort_begin_int=\count191
\l__sort_end_int=\count192
\l__sort_A_int=\count193
\l__sort_B_int=\count194
\l__sort_C_int=\count195
\l__tl_analysis_normal_int=\count196
\l__tl_analysis_index_int=\count197
\l__tl_analysis_nesting_int=\count198
\l__tl_analysis_type_int=\count199
\l__regex_internal_a_int=\count266
\l__regex_internal_b_int=\count267
\l__regex_internal_c_int=\count268
\l__regex_balance_int=\count269
\l__regex_group_level_int=\count270
\l__regex_mode_int=\count271
\c__regex_cs_in_class_mode_int=\count272
\c__regex_cs_mode_int=\count273
\l__regex_catcodes_int=\count274
\l__regex_default_catcodes_int=\count275
\c__regex_catcode_D_int=\count276
\c__regex_catcode_S_int=\count277
\c__regex_catcode_L_int=\count278
\c__regex_catcode_O_int=\count279
\c__regex_catcode_A_int=\count280
\c__regex_all_catcodes_int=\count281
\l__regex_show_lines_int=\count282
\l__regex_min_state_int=\count283
\l__regex_max_state_int=\count284
\l__regex_left_state_int=\count285
\l__regex_right_state_int=\count286
\l__regex_capturing_group_int=\count287
\l__regex_min_pos_int=\count288
\l__regex_max_pos_int=\count289
\l__regex_curr_pos_int=\count290
\l__regex_start_pos_int=\count291
\l__regex_success_pos_int=\count292
\l__regex_curr_char_int=\count293
\l__regex_curr_catcode_int=\count294
\l__regex_last_char_int=\count295
\l__regex_case_changed_char_int=\count296
\l__regex_curr_state_int=\count297
\l__regex_step_int=\count298
\l__regex_min_active_int=\count299
\l__regex_max_active_int=\count300
\l__regex_replacement_csnames_int=\count301
\l__regex_match_count_int=\count302
\l__regex_min_submatch_int=\count303
\l__regex_submatch_int=\count304
\l__regex_zeroth_submatch_int=\count305
\g__regex_trace_regex_int=\count306
\c_empty_box=\box54
\l_tmpa_box=\box55
\l_tmpb_box=\box56
\g_tmpa_box=\box57
\g_tmpb_box=\box58
\l__box_top_dim=\dimen195
\l__box_bottom_dim=\dimen196
\l__box_left_dim=\dimen197
\l__box_right_dim=\dimen198
\l__box_top_new_dim=\dimen199
\l__box_bottom_new_dim=\dimen256
\l__box_left_new_dim=\dimen257
\l__box_right_new_dim=\dimen258
\l__box_internal_box=\box59
\l__coffin_internal_box=\box60
\l__coffin_internal_dim=\dimen259
\l__coffin_offset_x_dim=\dimen260
\l__coffin_offset_y_dim=\dimen261
\l__coffin_x_dim=\dimen262
\l__coffin_y_dim=\dimen263
\l__coffin_x_prime_dim=\dimen264
\l__coffin_y_prime_dim=\dimen265
\c_empty_coffin=\box61
\l__coffin_aligned_coffin=\box62
\l__coffin_aligned_internal_coffin=\box63
\l_tmpa_coffin=\box64
\l_tmpb_coffin=\box65
\l__coffin_display_coffin=\box66
\l__coffin_display_coord_coffin=\box67
\l__coffin_display_pole_coffin=\box68
\l__coffin_display_offset_dim=\dimen266
\l__coffin_display_x_dim=\dimen267
\l__coffin_display_y_dim=\dimen268
\g__file_internal_ior=\read2
\l__coffin_bounding_shift_dim=\dimen269
\l__coffin_left_corner_dim=\dimen270
\l__coffin_right_corner_dim=\dimen271
\l__coffin_bottom_corner_dim=\dimen272
\l__coffin_top_corner_dim=\dimen273
\l__coffin_scaled_total_height_dim=\dimen274
\l__coffin_scaled_width_dim=\dimen275
\l__seq_internal_a_int=\count307
\l__seq_internal_b_int=\count308
)
(/network/software/el7/texlive/2018/texmf-dist/tex/latex/l3kernel/l3pdfmode.def
File: l3pdfmode.def 2019-01-13 v L3 Experimental driver: PDF mode
\l__driver_color_stack_int=\count309
))
(/network/software/el7/texlive/2018/texmf-dist/tex/latex/l3packages/xparse/xpar
se.sty
Package: xparse 2018-10-17 L3 Experimental document command parser
\l__xparse_current_arg_int=\count310
\g__xparse_grabber_int=\count311
\l__xparse_m_args_int=\count312
\l__xparse_mandatory_args_int=\count313
\l__xparse_v_nesting_int=\count314
)
Package: siunitx 2018/05/17 v2.7s A comprehensive (SI) units package

(/network/software/el7/texlive/2018/texmf-dist/tex/latex/tools/array.sty
Package: array 2018/12/30 v2.4k Tabular extension package (FMi)
\col@sep=\dimen276
\ar@mcellbox=\box69
\extrarowheight=\dimen277
\NC@list=\toks48
\extratabsurround=\skip63
\backup@length=\skip64
\ar@cellbox=\box70
)
(/network/software/el7/texlive/2018/texmf-dist/tex/latex/l3packages/l3keys2e/l3
keys2e.sty
Package: l3keys2e 2018-10-17 LaTeX2e option processing using LaTeX3 keys
)
\l__siunitx_tmp_box=\box71
\l__siunitx_tmp_dim=\dimen278
\l__siunitx_tmp_int=\count315
\l__siunitx_number_mantissa_length_int=\count316
\l__siunitx_number_uncert_length_int=\count317
\l__siunitx_round_int=\count318
\l__siunitx_process_decimal_int=\count319
\l__siunitx_process_uncertainty_int=\count320
\l__siunitx_process_fixed_int=\count321
\l__siunitx_process_integer_min_int=\count322
\l__siunitx_process_precision_int=\count323
\l__siunitx_group_min_int=\count324
\l__siunitx_angle_marker_box=\box72
\l__siunitx_angle_unit_box=\box73
\l__siunitx_angle_marker_dim=\dimen279
\l__siunitx_angle_unit_dim=\dimen280
\l__siunitx_unit_int=\count325
\l__siunitx_unit_denominator_int=\count326
\l__siunitx_unit_numerator_int=\count327
\l__siunitx_unit_prefix_int=\count328
\l__siunitx_unit_prefix_base_int=\count329
\l__siunitx_unit_prefix_gram_int=\count330
\l__siunitx_number_product_int=\count331
\c__siunitx_one_fill_skip=\skip65
\l__siunitx_table_unit_align_skip=\skip66
\l__siunitx_table_exponent_dim=\dimen281
\l__siunitx_table_integer_dim=\dimen282
\l__siunitx_table_mantissa_dim=\dimen283
\l__siunitx_table_marker_dim=\dimen284
\l__siunitx_table_result_dim=\dimen285
\l__siunitx_table_uncert_dim=\dimen286
\l__siunitx_table_fill_pre_dim=\dimen287
\l__siunitx_table_fill_post_dim=\dimen288
\l__siunitx_table_fill_mid_dim=\dimen289
\l__siunitx_table_pre_box=\box74
\l__siunitx_table_post_box=\box75
\l__siunitx_table_mantissa_box=\box76
\l__siunitx_table_result_box=\box77
\l__siunitx_table_number_align_skip=\skip67
\l__siunitx_table_text_align_skip=\skip68
)
(/network/software/el7/texlive/2018/texmf-dist/tex/latex/physics/physics.sty
Package: physics 
)
(/network/software/el7/texlive/2018/texmf-dist/tex/latex/caption/caption.sty
Package: caption 2018/10/06 v3.3-154 Customizing captions (AR)

(/network/software/el7/texlive/2018/texmf-dist/tex/latex/caption/caption3.sty
Package: caption3 2018/09/12 v1.8c caption3 kernel (AR)
Package caption3 Info: TeX engine: e-TeX on input line 64.
\captionmargin=\dimen290
\captionmargin@=\dimen291
\captionwidth=\dimen292
\caption@tempdima=\dimen293
\caption@indent=\dimen294
\caption@parindent=\dimen295
\caption@hangindent=\dimen296
)
\c@caption@flags=\count332
\c@ContinuedFloat=\count333
Package caption Info: beamer document class.
Package caption Info: hyperref package is loaded.
Package caption Info: Hyperref support is turned off
(caption)             because hyperref has stopped early.
)
(/network/software/el7/texlive/2018/texmf-dist/tex/latex/caption/subcaption.sty
Package: subcaption 2018/05/01 v1.1-162 Sub-captions (AR)
\c@subfigure=\count334
\c@subtable=\count335
)
(/network/software/el7/texlive/2018/texmf-dist/tex/latex/datetime2/datetime2.st
y
Package: datetime2 2018/07/20 v1.5.3 (NLCT) date and time formats

(/network/software/el7/texlive/2018/texmf-dist/tex/latex/tracklang/tracklang.st
y
Package: tracklang 2018/05/13 v1.3.6 (NLCT) Track Languages

(/network/software/el7/texlive/2018/texmf-dist/tex/generic/tracklang/tracklang.
tex))
(/network/software/el7/texlive/2018/texmf-dist/tex/latex/xkeyval/xkeyval.sty
Package: xkeyval 2014/12/03 v2.7a package option processing (HA)

(/network/software/el7/texlive/2018/texmf-dist/tex/generic/xkeyval/xkeyval.tex
(/network/software/el7/texlive/2018/texmf-dist/tex/generic/xkeyval/xkvutils.tex
\XKV@toks=\toks49
\XKV@tempa@toks=\toks50
)
\XKV@depth=\count336
File: xkeyval.tex 2014/12/03 v2.7a key=value parser (HA)
))
(/network/software/el7/texlive/2018/texmf-dist/tex/latex/datetime2-english/date
time2-english.ldf
File: datetime2-english.ldf 2016/03/09 v1.04 (NLCT)

(/network/software/el7/texlive/2018/texmf-dist/tex/latex/datetime2-english/date
time2-english-base.ldf
File: datetime2-english-base.ldf 2016/03/09 v1.04 (NLCT)
))
(/network/software/el7/texlive/2018/texmf-dist/tex/latex/datetime2-english/date
time2-en-GB.ldf
File: datetime2-en-GB.ldf 2016/03/09 v1.04 (NLCT)
))
(/network/software/el7/texlive/2018/texmf-dist/tex/latex/overpic/overpic.sty
Package: overpic 2018/09/02 1.2 picture overlays (RN)

(/network/software/el7/texlive/2018/texmf-dist/tex/latex/eepic/epic.sty
Enhancements to Picture Environment. Version 1.2 - Released June 1, 1986
\@@multicnt=\count337
\d@lta=\count338
\@delta=\dimen297
\@@delta=\dimen298
\@gridcnt=\count339
\@joinkind=\count340
\@dotgap=\dimen299
\@ddotgap=\dimen300
\@x@diff=\count341
\@y@diff=\count342
\x@diff=\dimen301
\y@diff=\dimen302
\@dotbox=\box78
\num@segments=\count343
\num@segmentsi=\count344
\@datafile=\read3
)
\OVP@box=\box79
) (/network/software/el7/texlive/2018/texmf-dist/tex/latex/feynmf/feynmp.sty
Package: feynmp 1996/12/02 v1.08 LaTeX/MetaPost Feynman Diagram Package (ohl)
\@outfmf=\write5
\fmfbuf@=\toks51
\c@fmfgraph=\count345
)
(/network/software/el7/texlive/2018/texmf-dist/tex/latex/scalerel/scalerel.sty
Package: scalerel 2016/12/29 v1.8 Routines for constrained scaling and stretchi
ng of objects, relative to a reference object or in absolute terms

(/network/software/el7/texlive/2018/texmf-dist/tex/latex/tools/calc.sty
Package: calc 2017/05/25 v4.3 Infix arithmetic (KKT,FJ)
\calc@Acount=\count346
\calc@Bcount=\count347
\calc@Adimen=\dimen303
\calc@Bdimen=\dimen304
\calc@Askip=\skip69
\calc@Bskip=\skip70
LaTeX Info: Redefining \setlength on input line 80.
LaTeX Info: Redefining \addtolength on input line 81.
\calc@Ccount=\count348
\calc@Cskip=\skip71
)
\thesrwidth=\skip72
\thesrheight=\skip73
\srblobheight=\skip74
\srblobdepth=\skip75
\mnxsrwidth=\skip76
\LMex=\skip77
\LMpt=\skip78
)
(/network/software/el7/texlive/2018/texmf-dist/tex/latex/ucs/data/uni-0.def
File: uni-0.def 2013/05/13 UCS: Unicode data U+0000..U+00FF
)
(./ARC_Presentation_FCC_Workshop_Krakow_25th_January_2023.aux)
\openout1 = `ARC_Presentation_FCC_Workshop_Krakow_25th_January_2023.aux'.

LaTeX Font Info:    Checking defaults for OML/cmm/m/it on input line 56.
LaTeX Font Info:    ... okay on input line 56.
LaTeX Font Info:    Checking defaults for T1/cmr/m/n on input line 56.
LaTeX Font Info:    ... okay on input line 56.
LaTeX Font Info:    Checking defaults for OT1/cmr/m/n on input line 56.
LaTeX Font Info:    ... okay on input line 56.
LaTeX Font Info:    Checking defaults for OMS/cmsy/m/n on input line 56.
LaTeX Font Info:    ... okay on input line 56.
LaTeX Font Info:    Checking defaults for OMX/cmex/m/n on input line 56.
LaTeX Font Info:    ... okay on input line 56.
LaTeX Font Info:    Checking defaults for U/cmr/m/n on input line 56.
LaTeX Font Info:    ... okay on input line 56.
LaTeX Font Info:    Checking defaults for PD1/pdf/m/n on input line 56.
LaTeX Font Info:    ... okay on input line 56.

*geometry* driver: auto-detecting
*geometry* detected driver: pdftex
*geometry* verbose mode - [ preamble ] result:
* driver: pdftex
* paper: custom
* layout: <same size as paper>
* layoutoffset:(h,v)=(0.0pt,0.0pt)
* modes: includehead includefoot 
* h-part:(L,W,R)=(10.95003pt, 342.2953pt, 10.95003pt)
* v-part:(T,H,B)=(0.0pt, 273.14662pt, 0.0pt)
* \paperwidth=364.19536pt
* \paperheight=273.14662pt
* \textwidth=342.2953pt
* \textheight=244.6939pt
* \oddsidemargin=-61.31996pt
* \evensidemargin=-61.31996pt
* \topmargin=-72.26999pt
* \headheight=14.22636pt
* \headsep=0.0pt
* \topskip=11.0pt
* \footskip=14.22636pt
* \marginparwidth=4.0pt
* \marginparsep=10.0pt
* \columnsep=10.0pt
* \skip\footins=10.0pt plus 4.0pt minus 2.0pt
* \hoffset=0.0pt
* \voffset=0.0pt
* \mag=1000
* \@twocolumnfalse
* \@twosidefalse
* \@mparswitchfalse
* \@reversemarginfalse
* (1in=72.27pt=25.4mm, 1cm=28.453pt)


(/network/software/el7/texlive/2018/texmf-dist/tex/context/base/mkii/supp-pdf.m
kii
[Loading MPS to PDF converter (version 2006.09.02).]
\scratchcounter=\count349
\scratchdimen=\dimen305
\scratchbox=\box80
\nofMPsegments=\count350
\nofMParguments=\count351
\everyMPshowfont=\toks52
\MPscratchCnt=\count352
\MPscratchDim=\dimen306
\MPnumerator=\count353
\makeMPintoPDFobject=\count354
\everyMPtoPDFconversion=\toks53
)
(/network/software/el7/texlive/2018/texmf-dist/tex/latex/oberdiek/epstopdf-base
.sty
Package: epstopdf-base 2016/05/15 v2.6 Base part for package epstopdf

(/network/software/el7/texlive/2018/texmf-dist/tex/latex/oberdiek/grfext.sty
Package: grfext 2016/05/16 v1.2 Manage graphics extensions (HO)
)
Package epstopdf-base Info: Redefining graphics rule for `.eps' on input line 4
38.
Package grfext Info: Graphics extension search list:
(grfext)             [.pdf,.png,.jpg,.mps,.jpeg,.jbig2,.jb2,.PDF,.PNG,.JPG,.JPE
G,.JBIG2,.JB2,.eps]
(grfext)             \AppendGraphicsExtensions on input line 456.

(/network/software/el7/texlive/2018/texmf-dist/tex/latex/latexconfig/epstopdf-s
ys.cfg
File: epstopdf-sys.cfg 2010/07/13 v1.3 Configuration of (r)epstopdf for TeX Liv
e
)) ABD: EveryShipout initializing macros
\AtBeginShipoutBox=\box81
Package hyperref Info: Link coloring ON on input line 56.

(/network/software/el7/texlive/2018/texmf-dist/tex/latex/hyperref/nameref.sty
Package: nameref 2016/05/21 v2.44 Cross-referencing by name of section

(/network/software/el7/texlive/2018/texmf-dist/tex/generic/oberdiek/gettitlestr
ing.sty
Package: gettitlestring 2016/05/16 v1.5 Cleanup title references (HO)
)
\c@section@level=\count355
)
LaTeX Info: Redefining \ref on input line 56.
LaTeX Info: Redefining \pageref on input line 56.
LaTeX Info: Redefining \nameref on input line 56.
 (./ARC_Presentation_FCC_Workshop_Krakow_25th_January_2023.out)
(./ARC_Presentation_FCC_Workshop_Krakow_25th_January_2023.out)
\@outlinefile=\write6
\openout6 = `ARC_Presentation_FCC_Workshop_Krakow_25th_January_2023.out'.

LaTeX Font Info:    Overwriting symbol font `operators' in version `normal'
(Font)                  OT1/cmr/m/n --> OT1/cmss/m/n on input line 56.
LaTeX Font Info:    Overwriting symbol font `operators' in version `bold'
(Font)                  OT1/cmr/bx/n --> OT1/cmss/bx/n on input line 56.
\symnumbers=\mathgroup6
\sympureletters=\mathgroup7
LaTeX Font Info:    Overwriting math alphabet `\mathrm' in version `normal'
(Font)                  OT1/cmss/m/n --> OT1/cmr/m/n on input line 56.
LaTeX Font Info:    Redeclaring math alphabet \mathbf on input line 56.
LaTeX Font Info:    Overwriting math alphabet `\mathbf' in version `normal'
(Font)                  OT1/cmr/bx/n --> OT1/cmss/bx/n on input line 56.
LaTeX Font Info:    Overwriting math alphabet `\mathbf' in version `bold'
(Font)                  OT1/cmr/bx/n --> OT1/cmss/bx/n on input line 56.
LaTeX Font Info:    Redeclaring math alphabet \mathsf on input line 56.
LaTeX Font Info:    Overwriting math alphabet `\mathsf' in version `normal'
(Font)                  OT1/cmss/m/n --> OT1/cmss/m/n on input line 56.
LaTeX Font Info:    Overwriting math alphabet `\mathsf' in version `bold'
(Font)                  OT1/cmss/bx/n --> OT1/cmss/m/n on input line 56.
LaTeX Font Info:    Redeclaring math alphabet \mathit on input line 56.
LaTeX Font Info:    Overwriting math alphabet `\mathit' in version `normal'
(Font)                  OT1/cmr/m/it --> OT1/cmss/m/it on input line 56.
LaTeX Font Info:    Overwriting math alphabet `\mathit' in version `bold'
(Font)                  OT1/cmr/bx/it --> OT1/cmss/m/it on input line 56.
LaTeX Font Info:    Redeclaring math alphabet \mathtt on input line 56.
LaTeX Font Info:    Overwriting math alphabet `\mathtt' in version `normal'
(Font)                  OT1/cmtt/m/n --> OT1/cmtt/m/n on input line 56.
LaTeX Font Info:    Overwriting math alphabet `\mathtt' in version `bold'
(Font)                  OT1/cmtt/m/n --> OT1/cmtt/m/n on input line 56.
LaTeX Font Info:    Overwriting symbol font `numbers' in version `bold'
(Font)                  OT1/cmss/m/n --> OT1/cmss/bx/n on input line 56.
LaTeX Font Info:    Overwriting symbol font `pureletters' in version `bold'
(Font)                  OT1/cmss/m/it --> OT1/cmss/bx/it on input line 56.
LaTeX Font Info:    Overwriting math alphabet `\mathrm' in version `bold'
(Font)                  OT1/cmss/bx/n --> OT1/cmr/bx/n on input line 56.
LaTeX Font Info:    Overwriting math alphabet `\mathbf' in version `bold'
(Font)                  OT1/cmss/bx/n --> OT1/cmss/bx/n on input line 56.
LaTeX Font Info:    Overwriting math alphabet `\mathsf' in version `bold'
(Font)                  OT1/cmss/m/n --> OT1/cmss/bx/n on input line 56.
LaTeX Font Info:    Overwriting math alphabet `\mathit' in version `bold'
(Font)                  OT1/cmss/m/it --> OT1/cmss/bx/it on input line 56.
LaTeX Font Info:    Overwriting math alphabet `\mathtt' in version `bold'
(Font)                  OT1/cmtt/m/n --> OT1/cmtt/bx/n on input line 56.
LaTeX Font Info:    Redeclaring symbol font `pureletters' on input line 56.
LaTeX Font Info:    Overwriting symbol font `pureletters' in version `normal'
(Font)                  OT1/cmss/m/it --> OT1/mathkerncmss/m/sl on input line 5
6.
LaTeX Font Info:    Overwriting symbol font `pureletters' in version `bold'
(Font)                  OT1/cmss/bx/it --> OT1/mathkerncmss/m/sl on input line 
56.
LaTeX Font Info:    Overwriting symbol font `pureletters' in version `bold'
(Font)                  OT1/mathkerncmss/m/sl --> OT1/mathkerncmss/bx/sl on inp
ut line 56.

(/network/software/el7/texlive/2018/texmf-dist/tex/latex/translator/translator-
basic-dictionary-English.dict
Dictionary: translator-basic-dictionary, Language: English 
)
(/network/software/el7/texlive/2018/texmf-dist/tex/latex/translator/translator-
bibliography-dictionary-English.dict
Dictionary: translator-bibliography-dictionary, Language: English 
)
(/network/software/el7/texlive/2018/texmf-dist/tex/latex/translator/translator-
environment-dictionary-English.dict
Dictionary: translator-environment-dictionary, Language: English 
)
(/network/software/el7/texlive/2018/texmf-dist/tex/latex/translator/translator-
months-dictionary-English.dict
Dictionary: translator-months-dictionary, Language: English 
)
(/network/software/el7/texlive/2018/texmf-dist/tex/latex/translator/translator-
numbers-dictionary-English.dict
Dictionary: translator-numbers-dictionary, Language: English 
)
(/network/software/el7/texlive/2018/texmf-dist/tex/latex/translator/translator-
theorem-dictionary-English.dict
Dictionary: translator-theorem-dictionary, Language: English 
)
(/network/software/el7/texlive/2018/texmf-dist/tex/latex/ucs/ucsencs.def
File: ucsencs.def 2011/01/21 Fixes to fontencodings LGR, T3
)
(/network/software/el7/texlive/2018/texmf-dist/tex/latex/siunitx/siunitx-abbrev
iations.cfg
File: siunitx-abbreviations.cfg 2017/11/26 v2.7k siunitx: Abbreviated units
)
Package caption Info: Begin \AtBeginDocument code.
Package caption Info: End \AtBeginDocument code.
 (./ARC_Presentation_FCC_Workshop_Krakow_25th_January_2023.nav)
Overfull \hbox (78.59735pt too wide) in paragraph at lines 56--56
 [][]  \OT1/cmss/m/n/6 ([])  
 []

LaTeX Font Info:    Try loading font information for U+msa on input line 56.
(/network/software/el7/texlive/2018/texmf-dist/tex/latex/amsfonts/umsa.fd
File: umsa.fd 2013/01/14 v3.01 AMS symbols A
)
LaTeX Font Info:    Try loading font information for U+msb on input line 56.

(/network/software/el7/texlive/2018/texmf-dist/tex/latex/amsfonts/umsb.fd
File: umsb.fd 2013/01/14 v3.01 AMS symbols B
)
LaTeX Font Info:    Try loading font information for OT1+mathkerncmss on input 
line 56.

(/network/software/el7/texlive/2018/texmf-dist/tex/latex/sansmathaccent/ot1math
kerncmss.fd
File: ot1mathkerncmss.fd 2013/03/27 Fontinst v1.933 font definitions for OT1/ma
thkerncmss.
)
<OxfordLogo.pdf, id=60, 285.065pt x 285.065pt>
File: OxfordLogo.pdf Graphic file (type pdf)
<use OxfordLogo.pdf>
Package pdftex.def Info: OxfordLogo.pdf  used on input line 60.
(pdftex.def)             Requested size: 56.90324pt x 56.9055pt.
<CERNLogo.png, id=61, 803.0pt x 803.0pt>
File: CERNLogo.png Graphic file (type png)
<use CERNLogo.png>
Package pdftex.def Info: CERNLogo.png  used on input line 60.
(pdftex.def)             Requested size: 56.90189pt x 56.9055pt.

Overfull \vbox (1.12762pt too high) detected at line 60
 []


Overfull \hbox (78.59735pt too wide) has occurred while \output is active
 [][]  \OT1/cmss/m/n/6 ([])  
 []

[1

{/network/software/el7/texlive/2018/texmf-var/fonts/map/pdftex/updmap/pdftex.ma
p} <./OxfordLogo.pdf> <./CERNLogo.png (PNG copy)>]
<Plots/DELPHI_RICH.jpg, id=82, 216.81pt x 150.68295pt>
File: Plots/DELPHI_RICH.jpg Graphic file (type jpg)
<use Plots/DELPHI_RICH.jpg>
Package pdftex.def Info: Plots/DELPHI_RICH.jpg  used on input line 99.
(pdftex.def)             Requested size: 122.81877pt x 85.35826pt.

Overfull \hbox (3.01334pt too wide) in paragraph at lines 99--99
[][] 
 []

<Plots/KandPi_2_K.pdf, id=83, 569.12625pt x 403.5075pt>
File: Plots/KandPi_2_K.pdf Graphic file (type pdf)
<use Plots/KandPi_2_K.pdf>
Package pdftex.def Info: Plots/KandPi_2_K.pdf  used on input line 99.
(pdftex.def)             Requested size: 120.38844pt x 85.35826pt.

Overfull \hbox (0.58301pt too wide) in paragraph at lines 99--99
[][] 
 []

<Plots/LHCb_RICH.png, id=84, 316.93407pt x 358.33875pt>
File: Plots/LHCb_RICH.png Graphic file (type png)
<use Plots/LHCb_RICH.png>
Package pdftex.def Info: Plots/LHCb_RICH.png  used on input line 99.
(pdftex.def)             Requested size: 100.65688pt x 113.81102pt.

Overfull \hbox (78.59735pt too wide) has occurred while \output is active
 [][]  \OT1/cmss/m/n/6 ([])  
 []

[2

 <./Plots/DELPHI_RICH.jpg> <./Plots/KandPi_2_K.pdf> <./Plots/LHCb_RICH.png>]
<Plots/p_spectrum_crop.png, id=105, 942.52126pt x 213.79875pt>
File: Plots/p_spectrum_crop.png Graphic file (type png)
<use Plots/p_spectrum_crop.png>
Package pdftex.def Info: Plots/p_spectrum_crop.png  used on input line 126.
(pdftex.def)             Requested size: 160.93759pt x 113.81102pt.
File: Plots/p_spectrum_crop.png Graphic file (type png)
<use Plots/p_spectrum_crop.png>
Package pdftex.def Info: Plots/p_spectrum_crop.png  used on input line 126.
(pdftex.def)             Requested size: 168.51056pt x 113.81102pt.

Overfull \vbox (7.6594pt too high) detected at line 126
 []


Overfull \hbox (78.59735pt too wide) has occurred while \output is active
 [][]  \OT1/cmss/m/n/6 ([])  
 []

[3

 <./Plots/p_spectrum_crop.png>]
<Plots/LHCb_BsDsK.pdf, id=120, 569.12625pt x 337.26pt>
File: Plots/LHCb_BsDsK.pdf Graphic file (type pdf)
<use Plots/LHCb_BsDsK.pdf>
Package pdftex.def Info: Plots/LHCb_BsDsK.pdf  used on input line 147.
(pdftex.def)             Requested size: 192.05011pt x 113.81102pt.

Overfull \vbox (7.6594pt too high) detected at line 147
 []


Overfull \hbox (78.59735pt too wide) has occurred while \output is active
 [][]  \OT1/cmss/m/n/6 ([])  
 []

[4

 <./Plots/LHCb_BsDsK.pdf, page is rotated 90 degrees>]
<Plots/ARC_Cell.png, id=172, 780.9175pt x 459.7175pt>
File: Plots/ARC_Cell.png Graphic file (type png)
<use Plots/ARC_Cell.png>
Package pdftex.def Info: Plots/ARC_Cell.png  used on input line 180.
(pdftex.def)             Requested size: 136.91603pt x 80.59908pt.
<Plots/CompoundEyes.jpg, id=173, 740.0448pt x 494.3268pt>
File: Plots/CompoundEyes.jpg Graphic file (type jpg)
<use Plots/CompoundEyes.jpg>
Package pdftex.def Info: Plots/CompoundEyes.jpg  used on input line 180.
(pdftex.def)             Requested size: 102.68962pt x 68.58676pt.

Overfull \vbox (12.85287pt too high) detected at line 180
 []


Overfull \hbox (78.59735pt too wide) has occurred while \output is active
 [][]  \OT1/cmss/m/n/6 ([])  
 []

[5

 <./Plots/ARC_Cell.png> <./Plots/CompoundEyes.jpg>]
<Plots/BarrelCells.png, id=181, 1312.905pt x 641.39626pt>
File: Plots/BarrelCells.png Graphic file (type png)
<use Plots/BarrelCells.png>
Package pdftex.def Info: Plots/BarrelCells.png  used on input line 203.
(pdftex.def)             Requested size: 205.37926pt x 100.32556pt.
<Plots/EndcapCells.png, id=182, 1164.35pt x 1149.29375pt>
File: Plots/EndcapCells.png Graphic file (type png)
<use Plots/EndcapCells.png>
Package pdftex.def Info: Plots/EndcapCells.png  used on input line 203.
(pdftex.def)             Requested size: 102.68962pt x 101.3451pt.

Overfull \hbox (78.59735pt too wide) has occurred while \output is active
 [][]  \OT1/cmss/m/n/6 ([])  
 []

[6

 <./Plots/BarrelCells.png> <./Plots/EndcapCells.png>]
<Plots/Display3.pdf, id=191, 597.19112pt x 845.19763pt>
File: Plots/Display3.pdf Graphic file (type pdf)
<use Plots/Display3.pdf>
Package pdftex.def Info: Plots/Display3.pdf  used on input line 210.
(pdftex.def)             Requested size: 273.83728pt x 204.90309pt.

Overfull \vbox (9.8325pt too high) detected at line 210
 []


Overfull \hbox (78.59735pt too wide) has occurred while \output is active
 [][]  \OT1/cmss/m/n/6 ([])  
 []

[7

 <./Plots/Display3.pdf>]
<Plots/BelleAerogelTiles.png, id=208, 1086.0575pt x 686.565pt>
File: Plots/BelleAerogelTiles.png Graphic file (type png)
<use Plots/BelleAerogelTiles.png>
Package pdftex.def Info: Plots/BelleAerogelTiles.png  used on input line 247.
(pdftex.def)             Requested size: 85.57382pt x 54.08823pt.
<Plots/AerogelTransmission.png, id=209, 1106.1325pt x 724.7075pt>
File: Plots/AerogelTransmission.png Graphic file (type png)
<use Plots/AerogelTransmission.png>
Package pdftex.def Info: Plots/AerogelTransmission.png  used on input line 247.

(pdftex.def)             Requested size: 85.57382pt x 56.06473pt.

Overfull \vbox (12.93846pt too high) detected at line 247
 []


Overfull \hbox (78.59735pt too wide) has occurred while \output is active
 [][]  \OT1/cmss/m/n/6 ([])  
 []

[8

 <./Plots/BelleAerogelTiles.png> <./Plots/AerogelTransmission.png>]
<Plots/Display1.pdf, id=218, 597.19112pt x 845.19763pt>
File: Plots/Display1.pdf Graphic file (type pdf)
<use Plots/Display1.pdf>
Package pdftex.def Info: Plots/Display1.pdf  used on input line 256.
(pdftex.def)             Requested size: 222.48985pt x 204.62506pt.

Overfull \vbox (9.55447pt too high) detected at line 256
 []


Overfull \hbox (78.59735pt too wide) has occurred while \output is active
 [][]  \OT1/cmss/m/n/6 ([])  
 []

[9

 <./Plots/Display1.pdf>]
<Plots/Display2.pdf, id=245, 1126.80972pt x 845.19763pt>
File: Plots/Display2.pdf Graphic file (type pdf)
<use Plots/Display2.pdf>
Package pdftex.def Info: Plots/Display2.pdf  used on input line 264.
(pdftex.def)             Requested size: 290.9531pt x 203.54381pt.

Overfull \vbox (8.47322pt too high) detected at line 264
 []


Overfull \hbox (78.59735pt too wide) has occurred while \output is active
 [][]  \OT1/cmss/m/n/6 ([])  
 []

[10

 <./Plots/Display2.pdf>]
Overfull \hbox (78.59735pt too wide) has occurred while \output is active
 [][]  \OT1/cmss/m/n/6 ([])  
 []

[11

]
<Plots/EventDisplay_MainRow.pdf, id=286, 569.12625pt x 265.99374pt>
File: Plots/EventDisplay_MainRow.pdf Graphic file (type pdf)
<use Plots/EventDisplay_MainRow.pdf>
Package pdftex.def Info: Plots/EventDisplay_MainRow.pdf  used on input line 315
.
(pdftex.def)             Requested size: 154.03183pt x 121.74162pt.
<Plots/EventDisplay_MainRow_Aerogel.pdf, id=288, 569.12625pt x 265.99374pt>
File: Plots/EventDisplay_MainRow_Aerogel.pdf Graphic file (type pdf)
<use Plots/EventDisplay_MainRow_Aerogel.pdf>
Package pdftex.def Info: Plots/EventDisplay_MainRow_Aerogel.pdf  used on input 
line 315.
(pdftex.def)             Requested size: 154.03183pt x 121.74162pt.

Overfull \hbox (78.59735pt too wide) has occurred while \output is active
 [][]  \OT1/cmss/m/n/6 ([])  
 []

[12

 <./Plots/EventDisplay_MainRow.pdf, page is rotated 90 degrees> <./Plots/EventD
isplay_MainRow_Aerogel.pdf, page is rotated 90 degrees>]
<Plots/Significance_Scatter_PionKaon.png, id=385, 1200.485pt x 875.27pt>
File: Plots/Significance_Scatter_PionKaon.png Graphic file (type png)
<use Plots/Significance_Scatter_PionKaon.png>
Package pdftex.def Info: Plots/Significance_Scatter_PionKaon.png  used on input
 line 340.
(pdftex.def)             Requested size: 171.14764pt x 124.78069pt.
<Plots/Significance_Scatter_ProtonKaon.png, id=386, 1200.485pt x 875.27pt>
File: Plots/Significance_Scatter_ProtonKaon.png Graphic file (type png)
<use Plots/Significance_Scatter_ProtonKaon.png>
Package pdftex.def Info: Plots/Significance_Scatter_ProtonKaon.png  used on inp
ut line 340.
(pdftex.def)             Requested size: 171.14764pt x 124.78069pt.

Overfull \hbox (78.59735pt too wide) has occurred while \output is active
 [][]  \OT1/cmss/m/n/6 ([])  
 []

[13

 <./Plots/Significance_Scatter_PionKaon.png> <./Plots/Significance_Scatter_Prot
onKaon.png>]
<Plots/Significance_Scatter_PionKaon_Barrel_MagOff.png, id=394, 1200.485pt x 87
5.27pt>
File: Plots/Significance_Scatter_PionKaon_Barrel_MagOff.png Graphic file (type 
png)
<use Plots/Significance_Scatter_PionKaon_Barrel_MagOff.png>
Package pdftex.def Info: Plots/Significance_Scatter_PionKaon_Barrel_MagOff.png 
 used on input line 367.
(pdftex.def)             Requested size: 112.95807pt x 82.35017pt.
<Plots/Significance_Scatter_PionKaon_Barrel_MagOn.png, id=395, 1200.485pt x 875
.27pt>
File: Plots/Significance_Scatter_PionKaon_Barrel_MagOn.png Graphic file (type p
ng)
<use Plots/Significance_Scatter_PionKaon_Barrel_MagOn.png>
Package pdftex.def Info: Plots/Significance_Scatter_PionKaon_Barrel_MagOn.png  
used on input line 367.
(pdftex.def)             Requested size: 112.95807pt x 82.35017pt.
<Plots/Significance_Scatter_PionKaon_Barrel_MagOn_3T.png, id=396, 1200.485pt x 
875.27pt>
File: Plots/Significance_Scatter_PionKaon_Barrel_MagOn_3T.png Graphic file (typ
e png)
<use Plots/Significance_Scatter_PionKaon_Barrel_MagOn_3T.png>
Package pdftex.def Info: Plots/Significance_Scatter_PionKaon_Barrel_MagOn_3T.pn
g  used on input line 367.
(pdftex.def)             Requested size: 112.95807pt x 82.35017pt.

Overfull \hbox (78.59735pt too wide) has occurred while \output is active
 [][]  \OT1/cmss/m/n/6 ([])  
 []

[14

 <./Plots/Significance_Scatter_PionKaon_Barrel_MagOff.png> <./Plots/Significanc
e_Scatter_PionKaon_Barrel_MagOn.png> <./Plots/Significance_Scatter_PionKaon_Bar
rel_MagOn_3T.png>]
<Plots/Significance_Scatter_PionKaon_EndCap_MagOff.png, id=404, 1200.485pt x 87
5.27pt>
File: Plots/Significance_Scatter_PionKaon_EndCap_MagOff.png Graphic file (type 
png)
<use Plots/Significance_Scatter_PionKaon_EndCap_MagOff.png>
Package pdftex.def Info: Plots/Significance_Scatter_PionKaon_EndCap_MagOff.png 
 used on input line 393.
(pdftex.def)             Requested size: 112.95807pt x 82.35017pt.
<Plots/Significance_Scatter_PionKaon_EndCap_MagOn.png, id=405, 1200.485pt x 875
.27pt>
File: Plots/Significance_Scatter_PionKaon_EndCap_MagOn.png Graphic file (type p
ng)
<use Plots/Significance_Scatter_PionKaon_EndCap_MagOn.png>
Package pdftex.def Info: Plots/Significance_Scatter_PionKaon_EndCap_MagOn.png  
used on input line 393.
(pdftex.def)             Requested size: 112.95807pt x 82.35017pt.
<Plots/Significance_Scatter_PionKaon_EndCap_MagOn_3T.png, id=406, 1200.485pt x 
875.27pt>
File: Plots/Significance_Scatter_PionKaon_EndCap_MagOn_3T.png Graphic file (typ
e png)
<use Plots/Significance_Scatter_PionKaon_EndCap_MagOn_3T.png>
Package pdftex.def Info: Plots/Significance_Scatter_PionKaon_EndCap_MagOn_3T.pn
g  used on input line 393.
(pdftex.def)             Requested size: 112.95807pt x 82.35017pt.

Overfull \hbox (78.59735pt too wide) has occurred while \output is active
 [][]  \OT1/cmss/m/n/6 ([])  
 []

[15

 <./Plots/Significance_Scatter_PionKaon_EndCap_MagOff.png> <./Plots/Significanc
e_Scatter_PionKaon_EndCap_MagOn.png> <./Plots/Significance_Scatter_PionKaon_End
Cap_MagOn_3T.png>]
Overfull \hbox (78.59735pt too wide) has occurred while \output is active
 [][]  \OT1/cmss/m/n/6 ([])  
 []

[16

]
<Plots/ARC_Screenshot1.png, id=419, 1887.05pt x 1056.94875pt>
File: Plots/ARC_Screenshot1.png Graphic file (type png)
<use Plots/ARC_Screenshot1.png>
Package pdftex.def Info: Plots/ARC_Screenshot1.png  used on input line 428.
(pdftex.def)             Requested size: 136.91603pt x 129.36974pt.
<Plots/ARC_Screenshot2.png, id=421, 1887.05pt x 1056.94875pt>
File: Plots/ARC_Screenshot2.png Graphic file (type png)
<use Plots/ARC_Screenshot2.png>
Package pdftex.def Info: Plots/ARC_Screenshot2.png  used on input line 428.
(pdftex.def)             Requested size: 136.91603pt x 129.36974pt.

Overfull \vbox (1.36574pt too high) detected at line 428
 []


Overfull \hbox (78.59735pt too wide) has occurred while \output is active
 [][]  \OT1/cmss/m/n/6 ([])  
 []

[17

 <./Plots/ARC_Screenshot1.png> <./Plots/ARC_Screenshot2.png>]
<Plots/Plan-vs-Reality.jpeg, id=433, 601.24625pt x 447.6725pt>
File: Plots/Plan-vs-Reality.jpeg Graphic file (type jpg)
<use Plots/Plan-vs-Reality.jpeg>
Package pdftex.def Info: Plots/Plan-vs-Reality.jpeg  used on input line 446.
(pdftex.def)             Requested size: 171.14764pt x 127.43088pt.

Overfull \vbox (8.72124pt too high) detected at line 446
 []


Overfull \hbox (78.59735pt too wide) has occurred while \output is active
 [][]  \OT1/cmss/m/n/6 ([])  
 []

[18

 <./Plots/Plan-vs-Reality.jpeg>]
Overfull \hbox (78.59735pt too wide) has occurred while \output is active
 [][]  \OT1/cmss/m/n/6 ([])  
 []

[19

]
Overfull \hbox (78.59735pt too wide) has occurred while \output is active
 [][]  \OT1/cmss/m/n/6 ([])  
 []

[20

]
<Plots/CarbonFiberVessel.png, id=454, 607.26875pt x 638.385pt>
File: Plots/CarbonFiberVessel.png Graphic file (type png)
<use Plots/CarbonFiberVessel.png>
Package pdftex.def Info: Plots/CarbonFiberVessel.png  used on input line 506.
(pdftex.def)             Requested size: 119.80544pt x 125.94084pt.
<Plots/Significance_vs_Pressure.png, id=455, 718.685pt x 699.61375pt>
File: Plots/Significance_vs_Pressure.png Graphic file (type png)
<use Plots/Significance_vs_Pressure.png>
Package pdftex.def Info: Plots/Significance_vs_Pressure.png  used on input line
 506.
(pdftex.def)             Requested size: 119.80544pt x 116.61623pt.

Overfull \vbox (2.67444pt too high) detected at line 506
 []


Overfull \hbox (78.59735pt too wide) has occurred while \output is active
 [][]  \OT1/cmss/m/n/6 ([])  
 []

[21

 <./Plots/CarbonFiberVessel.png> <./Plots/Significance_vs_Pressure.png>]
Overfull \hbox (78.59735pt too wide) has occurred while \output is active
 [][]  \OT1/cmss/m/n/6 ([])  
 []

[22

]
<Plots/NumberDetectedPhotons_Barrel_Gas.png, id=471, 1200.485pt x 875.27pt>
File: Plots/NumberDetectedPhotons_Barrel_Gas.png Graphic file (type png)
<use Plots/NumberDetectedPhotons_Barrel_Gas.png>
Package pdftex.def Info: Plots/NumberDetectedPhotons_Barrel_Gas.png  used on in
put line 549.
(pdftex.def)             Requested size: 119.80544pt x 87.34514pt.
<Plots/SinglePhotonCherenkovAngles_Barrel_Gas.png, id=472, 1200.485pt x 875.27p
t>
File: Plots/SinglePhotonCherenkovAngles_Barrel_Gas.png Graphic file (type png)
<use Plots/SinglePhotonCherenkovAngles_Barrel_Gas.png>
Package pdftex.def Info: Plots/SinglePhotonCherenkovAngles_Barrel_Gas.png  used
 on input line 549.
(pdftex.def)             Requested size: 119.80544pt x 87.34514pt.
<Plots/TotalCherenkovUncertainty_Barrel_Gas.png, id=473, 1200.485pt x 875.27pt>

File: Plots/TotalCherenkovUncertainty_Barrel_Gas.png Graphic file (type png)
<use Plots/TotalCherenkovUncertainty_Barrel_Gas.png>
Package pdftex.def Info: Plots/TotalCherenkovUncertainty_Barrel_Gas.png  used o
n input line 549.
(pdftex.def)             Requested size: 119.80544pt x 87.34514pt.

Overfull \vbox (12.60469pt too high) detected at line 549
 []


Overfull \hbox (78.59735pt too wide) has occurred while \output is active
 [][]  \OT1/cmss/m/n/6 ([])  
 []

[23

 <./Plots/NumberDetectedPhotons_Barrel_Gas.png> <./Plots/SinglePhotonCherenkovA
ngles_Barrel_Gas.png> <./Plots/TotalCherenkovUncertainty_Barrel_Gas.png>]
<Plots/NumberDetectedPhotons_Barrel_Aerogel.png, id=481, 1200.485pt x 875.27pt>

File: Plots/NumberDetectedPhotons_Barrel_Aerogel.png Graphic file (type png)
<use Plots/NumberDetectedPhotons_Barrel_Aerogel.png>
Package pdftex.def Info: Plots/NumberDetectedPhotons_Barrel_Aerogel.png  used o
n input line 573.
(pdftex.def)             Requested size: 119.80544pt x 87.34514pt.
<Plots/SinglePhotonCherenkovAngles_Barrel_Aerogel.png, id=482, 1200.485pt x 875
.27pt>
File: Plots/SinglePhotonCherenkovAngles_Barrel_Aerogel.png Graphic file (type p
ng)
<use Plots/SinglePhotonCherenkovAngles_Barrel_Aerogel.png>
Package pdftex.def Info: Plots/SinglePhotonCherenkovAngles_Barrel_Aerogel.png  
used on input line 573.
(pdftex.def)             Requested size: 119.80544pt x 87.34514pt.
<Plots/TotalCherenkovUncertainty_Barrel_Aerogel.png, id=483, 1200.485pt x 875.2
7pt>
File: Plots/TotalCherenkovUncertainty_Barrel_Aerogel.png Graphic file (type png
)
<use Plots/TotalCherenkovUncertainty_Barrel_Aerogel.png>
Package pdftex.def Info: Plots/TotalCherenkovUncertainty_Barrel_Aerogel.png  us
ed on input line 573.
(pdftex.def)             Requested size: 119.80544pt x 87.34514pt.

Overfull \vbox (12.60469pt too high) detected at line 573
 []


Overfull \hbox (78.59735pt too wide) has occurred while \output is active
 [][]  \OT1/cmss/m/n/6 ([])  
 []

[24

 <./Plots/NumberDetectedPhotons_Barrel_Aerogel.png> <./Plots/SinglePhotonCheren
kovAngles_Barrel_Aerogel.png> <./Plots/TotalCherenkovUncertainty_Barrel_Aerogel
.png>]
\tf@nav=\write7
\openout7 = `ARC_Presentation_FCC_Workshop_Krakow_25th_January_2023.nav'.

\tf@toc=\write8
\openout8 = `ARC_Presentation_FCC_Workshop_Krakow_25th_January_2023.toc'.

\tf@snm=\write9
\openout9 = `ARC_Presentation_FCC_Workshop_Krakow_25th_January_2023.snm'.

Package atveryend Info: Empty hook `BeforeClearDocument' on input line 575.
Package atveryend Info: Empty hook `AfterLastShipout' on input line 575.
 (./ARC_Presentation_FCC_Workshop_Krakow_25th_January_2023.aux)
Package atveryend Info: Executing hook `AtVeryEndDocument' on input line 575.
Package atveryend Info: Executing hook `AtEndAfterFileList' on input line 575.
Package rerunfilecheck Info: File `ARC_Presentation_FCC_Workshop_Krakow_25th_Ja
nuary_2023.out' has not changed.
(rerunfilecheck)             Checksum: 6A1A394C93CFD56798D918F6B2F98F69;576.
 ) 
Here is how much of TeX's memory you used:
 35006 strings out of 492616
 701492 string characters out of 6123731
 752294 words of memory out of 5000000
 38286 multiletter control sequences out of 15000+600000
 548093 words of font info for 83 fonts, out of 8000000 for 9000
 1141 hyphenation exceptions out of 8191
 56i,15n,79p,821b,1399s stack positions out of 5000i,500n,10000p,200000b,80000s
</network/software/el7/texlive/2018/texmf-dist/fonts/type1/public/amsfonts/cm
/cmex10.pfb></network/software/el7/texlive/2018/texmf-dist/fonts/type1/public/a
msfonts/cm/cmmi10.pfb></network/software/el7/texlive/2018/texmf-dist/fonts/type
1/public/amsfonts/cm/cmmi9.pfb></network/software/el7/texlive/2018/texmf-dist/f
onts/type1/public/amsfonts/cm/cmss10.pfb></network/software/el7/texlive/2018/te
xmf-dist/fonts/type1/public/amsfonts/cm/cmss12.pfb></network/software/el7/texli
ve/2018/texmf-dist/fonts/type1/public/amsfonts/cm/cmss17.pfb></network/software
/el7/texlive/2018/texmf-dist/fonts/type1/public/amsfonts/cm/cmss8.pfb></network
/software/el7/texlive/2018/texmf-dist/fonts/type1/public/amsfonts/cm/cmss9.pfb>
</network/software/el7/texlive/2018/texmf-dist/fonts/type1/public/amsfonts/cm/c
mssbx10.pfb></network/software/el7/texlive/2018/texmf-dist/fonts/type1/public/a
msfonts/cm/cmssi10.pfb></network/software/el7/texlive/2018/texmf-dist/fonts/typ
e1/public/amsfonts/cm/cmssi8.pfb></network/software/el7/texlive/2018/texmf-dist
/fonts/type1/public/amsfonts/cm/cmssi9.pfb></network/software/el7/texlive/2018/
texmf-dist/fonts/type1/public/amsfonts/cm/cmsy10.pfb></network/software/el7/tex
live/2018/texmf-dist/fonts/type1/public/amsfonts/cm/cmsy7.pfb></network/softwar
e/el7/texlive/2018/texmf-dist/fonts/type1/public/amsfonts/cm/cmsy8.pfb>
Output written on ARC_Presentation_FCC_Workshop_Krakow_25th_January_2023.pdf (2
4 pages, 4709567 bytes).
PDF statistics:
 553 PDF objects out of 1000 (max. 8388607)
 350 compressed objects within 4 object streams
 59 named destinations out of 1000 (max. 500000)
 398 words of extra memory for PDF output out of 10000 (max. 10000000)

